Flutter crash report; please file at https://github.com/flutter/flutter/issues.

## command

flutter build bundle --suppress-analytics --target D:\Code\medical_app\medical_app\lib\main.dart --preview-dart-2 --depfile D:\Code\medical_app\medical_app\build\app\intermediates\flutter\debug/snapshot_blob.bin.d --asset-dir D:\Code\medical_app\medical_app\build\app\intermediates\flutter\debug/flutter_assets

## exception

FileSystemException: FileSystemException: Deletion failed, path = 'D:\Code\medical_app\medical_app\build\app\intermediates\flutter\debug/flutter_assets' (OS Error: The system cannot find the file specified.
, errno = 2)

```
#0      _Directory._deleteSync (dart:io/directory_impl.dart:207)
#1      FileSystemEntity.deleteSync (dart:io/file_system_entity.dart:466)
#2      ForwardingFileSystemEntity.deleteSync (package:file/src/forwarding/forwarding_file_system_entity.dart:72)
#3      writeBundle (package:flutter_tools/src/bundle.dart:183)
<asynchronous suspension>
#4      assemble (package:flutter_tools/src/bundle.dart:176)
<asynchronous suspension>
#5      build (package:flutter_tools/src/bundle.dart:109)
<asynchronous suspension>
#6      BuildBundleCommand.runCommand (package:flutter_tools/src/commands/build_bundle.dart:72)
<asynchronous suspension>
#7      FlutterCommand.verifyThenRunCommand (package:flutter_tools/src/runner/flutter_command.dart:344)
<asynchronous suspension>
#8      FlutterCommand.run.<anonymous closure> (package:flutter_tools/src/runner/flutter_command.dart:279)
<asynchronous suspension>
#9      AppContext.run.<anonymous closure> (package:flutter_tools/src/base/context.dart:142)
<asynchronous suspension>
#10     _rootRun (dart:async/zone.dart:1126)
#11     _CustomZone.run (dart:async/zone.dart:1023)
#12     runZoned (dart:async/zone.dart:1501)
#13     AppContext.run (package:flutter_tools/src/base/context.dart:141)
<asynchronous suspension>
#14     FlutterCommand.run (package:flutter_tools/src/runner/flutter_command.dart:270)
#15     CommandRunner.runCommand (package:args/command_runner.dart:194)
<asynchronous suspension>
#16     FlutterCommandRunner.runCommand.<anonymous closure> (package:flutter_tools/src/runner/flutter_command_runner.dart:309)
<asynchronous suspension>
#17     AppContext.run.<anonymous closure> (package:flutter_tools/src/base/context.dart:142)
<asynchronous suspension>
#18     _rootRun (dart:async/zone.dart:1126)
#19     _CustomZone.run (dart:async/zone.dart:1023)
#20     runZoned (dart:async/zone.dart:1501)
#21     AppContext.run (package:flutter_tools/src/base/context.dart:141)
<asynchronous suspension>
#22     FlutterCommandRunner.runCommand (package:flutter_tools/src/runner/flutter_command_runner.dart:265)
<asynchronous suspension>
#23     CommandRunner.run.<anonymous closure> (package:args/command_runner.dart:109)
#24     new Future.sync (dart:async/future.dart:222)
#25     CommandRunner.run (package:args/command_runner.dart:109)
#26     FlutterCommandRunner.run (package:flutter_tools/src/runner/flutter_command_runner.dart:174)
#27     run.<anonymous closure> (package:flutter_tools/runner.dart:59)
<asynchronous suspension>
#28     AppContext.run.<anonymous closure> (package:flutter_tools/src/base/context.dart:142)
<asynchronous suspension>
#29     _rootRun (dart:async/zone.dart:1126)
#30     _CustomZone.run (dart:async/zone.dart:1023)
#31     runZoned (dart:async/zone.dart:1501)
#32     AppContext.run (package:flutter_tools/src/base/context.dart:141)
<asynchronous suspension>
#33     runInContext (package:flutter_tools/src/context_runner.dart:43)
<asynchronous suspension>
#34     run (package:flutter_tools/runner.dart:50)
#35     main (package:flutter_tools/executable.dart:49)
<asynchronous suspension>
#36     main (file:///D:/Code/flutter/packages/flutter_tools/bin/flutter_tools.dart:8)
#37     _startIsolate.<anonymous closure> (dart:isolate-patch/dart:isolate/isolate_patch.dart:277)
#38     _RawReceivePortImpl._handleMessage (dart:isolate-patch/dart:isolate/isolate_patch.dart:165)
```

## flutter doctor

```
[✓] Flutter (Channel beta, v0.5.1, on Microsoft Windows [Version 10.0.17134.191], locale en-US)
    • Flutter version 0.5.1 at D:\Code\flutter
    • Framework revision c7ea3ca377 (9 weeks ago), 2018-05-29 21:07:33 +0200
    • Engine revision 1ed25ca7b7
    • Dart version 2.0.0-dev.58.0.flutter-f981f09760

[✓] Android toolchain - develop for Android devices (Android SDK 27.0.3)
    • Android SDK at C:/Users/Biscuitrainbow/AppData/Local/Android/Sdk
    • Android NDK location not configured (optional; useful for native profiling support)
    • Platform android-27, build-tools 27.0.3
    • ANDROID_HOME = C:/Users/Biscuitrainbow/AppData/Local/Android/Sdk
    • Java binary at: C:\Program Files\Android\Android Studio\jre\bin\java
    • Java version OpenJDK Runtime Environment (build 1.8.0_152-release-1024-b02)
    • All Android licenses accepted.

[✓] Android Studio (version 3.1)
    • Android Studio at C:\Program Files\Android\Android Studio
    • Flutter plugin version 26.0.1
    • Dart plugin version 173.4700
    • Java version OpenJDK Runtime Environment (build 1.8.0_152-release-1024-b02)

[✓] IntelliJ IDEA Community Edition (version 2018.1)
    • IntelliJ at C:\Program Files\JetBrains\IntelliJ IDEA Community Edition 2018.1
    • Flutter plugin version 23.2.3
    • Dart plugin version 181.4203.498

[✓] VS Code, 64-bit edition (version 1.23.1)
    • VS Code at C:\Program Files\Microsoft VS Code
    • Flutter extension version 2.14.0

[✓] Connected devices (1 available)
    • VKY L29 • 6PM7N17428000533 • android-arm64 • Android 8.0.0 (API 26)

• No issues found!
```
